<?xml version="1.0" encoding="UTF-8"?>
<!-- Generated by org.testng.reporters.JUnitReportReporter -->
<testsuite hostname="DESKTOP-U2C28AP" failures="0" tests="5" name="workingWithTEstNG.PriorityCheckForTestNgMethods" time="0.021" errors="0" timestamp="2023-01-10T10:55:05 IST" skipped="0">
  <testcase classname="workingWithTEstNG.PriorityCheckForTestNgMethods" name="Trash" time="0.011"/>
  <system-out/>
  <testcase classname="workingWithTEstNG.PriorityCheckForTestNgMethods" name="Delete" time="0.003"/>
  <system-out/>
  <testcase classname="workingWithTEstNG.PriorityCheckForTestNgMethods" name="Register" time="0.001"/>
  <system-out/>
  <testcase classname="workingWithTEstNG.PriorityCheckForTestNgMethods" name="Modify" time="0.002"/>
  <system-out/>
  <testcase classname="workingWithTEstNG.PriorityCheckForTestNgMethods" name="Create" time="0.004"/>
  <system-out/>
</testsuite> <!-- workingWithTEstNG.PriorityCheckForTestNgMethods -->
