<?xml version="1.0" encoding="UTF-8"?>
<!-- Generated by org.testng.reporters.JUnitReportReporter -->
<testsuite hostname="DESKTOP-U2C28AP" failures="0" tests="1" name="Practice.TC_007" time="12.490" errors="0" timestamp="2023-01-23T00:19:44 IST" skipped="0">
  <testcase classname="Practice.TC_007" name="DecreaseProductQTYFromWishlist" time="12.490"/>
  <system-out>
The product is increased in the  wishlist  </system-out>
</testsuite> <!-- Practice.TC_007 -->
