<?xml version="1.0" encoding="UTF-8"?>
<!-- Generated by org.testng.reporters.JUnitReportReporter -->
<testsuite hostname="DESKTOP-U2C28AP" failures="0" tests="1" name="Pack_1.BoysBike_1" time="11.615" errors="0" timestamp="2023-01-10T15:18:38 IST" skipped="0">
  <testcase classname="Pack_1.BoysBike_1" name="yamaha" time="11.615"/>
  <system-out/>
</testsuite> <!-- Pack_1.BoysBike_1 -->
