<?xml version="1.0" encoding="UTF-8"?>
<!-- Generated by org.testng.reporters.JUnitReportReporter -->
<testsuite hostname="DESKTOP-U2C28AP" failures="0" tests="1" name="Pack_1.BoysBike_4" time="18.620" errors="0" timestamp="2023-01-03T15:41:45 IST" skipped="0">
  <testcase classname="Pack_1.BoysBike_4" name="yamaha" time="18.620"/>
  <system-out/>
</testsuite> <!-- Pack_1.BoysBike_4 -->
