<?xml version="1.0" encoding="UTF-8"?>
<!-- Generated by org.testng.reporters.JUnitReportReporter -->
<testsuite hostname="DESKTOP-U2C28AP" failures="0" tests="2" name="workingWithTEstNG.CrossBrowserTesting" time="13.314" errors="0" timestamp="2023-01-10T19:04:50 IST" skipped="0">
  <testcase classname="workingWithTEstNG.CrossBrowserTesting" name="Yamaha" time="5.943"/>
  <system-out/>
  <testcase classname="workingWithTEstNG.CrossBrowserTesting" name="Yamaha" time="7.371"/>
  <system-out/>
</testsuite> <!-- workingWithTEstNG.CrossBrowserTesting -->
