<?xml version="1.0" encoding="UTF-8"?>
<!-- Generated by org.testng.reporters.JUnitReportReporter -->
<testsuite hostname="DESKTOP-U2C28AP" failures="0" tests="1" name="Practice.TC_006$TC_004" time="12.728" errors="0" timestamp="2023-01-22T22:46:53 IST" skipped="0">
  <testcase classname="Practice.TC_006$TC_004" name="RemoveProductFromWishlist" time="12.728"/>
  <system-out>
The product is Remooved from wishlist  </system-out>
</testsuite> <!-- Practice.TC_006$TC_004 -->
