<?xml version="1.0" encoding="UTF-8"?>
<!-- Generated by org.testng.reporters.JUnitReportReporter -->
<testsuite hostname="DESKTOP-U2C28AP" failures="0" tests="1" name="Practice.TC_005$TC_004" time="38.551" errors="0" timestamp="2023-01-22T22:34:20 IST" skipped="0">
  <testcase classname="Practice.TC_005$TC_004" name="RemoveProductFromWishlist" time="38.551"/>
  <system-out>
The product is mooved from wishlist to cart  </system-out>
</testsuite> <!-- Practice.TC_005$TC_004 -->
