<?xml version="1.0" encoding="UTF-8"?>
<!-- Generated by org.testng.reporters.JUnitReportReporter -->
<testsuite hostname="DESKTOP-U2C28AP" failures="0" tests="4" name="workingWithTEstNG.UseOfDataProvider" time="80.469" errors="0" timestamp="2023-01-11T11:48:24 IST" skipped="0">
  <testcase classname="workingWithTEstNG.UseOfDataProvider" name="test" time="18.314"/>
  <system-out/>
  <testcase classname="workingWithTEstNG.UseOfDataProvider" name="test" time="15.600"/>
  <system-out/>
  <testcase classname="workingWithTEstNG.UseOfDataProvider" name="test" time="16.492"/>
  <system-out/>
  <testcase classname="workingWithTEstNG.UseOfDataProvider" name="test" time="30.063"/>
  <system-out/>
</testsuite> <!-- workingWithTEstNG.UseOfDataProvider -->
