<?xml version="1.0" encoding="UTF-8"?>
<!-- Generated by org.testng.reporters.JUnitReportReporter -->
<testsuite hostname="DESKTOP-U2C28AP" failures="0" tests="3" name="workingWithTEstNG.GroupExecution" time="15.986" errors="0" timestamp="2023-01-12T17:09:01 IST" skipped="0">
  <testcase classname="workingWithTEstNG.GroupExecution" name="Yamaha" time="5.394"/>
  <system-out/>
  <testcase classname="workingWithTEstNG.GroupExecution" name="Maruti1" time="6.866"/>
  <system-out/>
  <testcase classname="workingWithTEstNG.GroupExecution" name="Maruti" time="3.726"/>
  <system-out/>
</testsuite> <!-- workingWithTEstNG.GroupExecution -->
