<?xml version="1.0" encoding="UTF-8"?>
<!-- Generated by org.testng.reporters.JUnitReportReporter -->
<testsuite hostname="DESKTOP-U2C28AP" failures="0" tests="1" name="Pack_1.BoysBike_3" time="5.008" errors="0" timestamp="2023-01-10T16:42:38 IST" skipped="0">
  <testcase classname="Pack_1.BoysBike_3" name="yamaha" time="5.008"/>
  <system-out/>
</testsuite> <!-- Pack_1.BoysBike_3 -->
