<?xml version="1.0" encoding="UTF-8"?>
<!-- Generated by org.testng.reporters.JUnitReportReporter -->
<testsuite hostname="DESKTOP-U2C28AP" failures="0" tests="2" name="workingWithTEstNG.ConfigurationAnnotationsTestNg" time="0.017" errors="0" timestamp="2023-01-11T17:09:27 IST" skipped="0">
  <testcase classname="workingWithTEstNG.ConfigurationAnnotationsTestNg" name="hi" time="0.007"/>
  <system-out/>
  <testcase classname="workingWithTEstNG.ConfigurationAnnotationsTestNg" name="bye" time="0.010"/>
  <system-out/>
</testsuite> <!-- workingWithTEstNG.ConfigurationAnnotationsTestNg -->
