<?xml version="1.0" encoding="UTF-8"?>
<!-- Generated by org.testng.reporters.JUnitReportReporter -->
<testsuite hostname="DESKTOP-U2C28AP" failures="0" tests="1" name="Practice.TC_010" time="61.006" errors="0" timestamp="2023-01-22T23:55:16 IST" skipped="0">
  <testcase classname="Practice.TC_010" name="RemooveProductFromCart" time="61.006"/>
  <system-out>
The product is decreased in the cart  </system-out>
</testsuite> <!-- Practice.TC_010 -->
