<?xml version="1.0" encoding="UTF-8"?>
<!-- Generated by org.testng.reporters.JUnitReportReporter -->
<testsuite hostname="DESKTOP-U2C28AP" failures="0" tests="1" name="Practice.TC_008" time="16.820" errors="0" timestamp="2023-01-23T00:16:53 IST" skipped="0">
  <testcase classname="Practice.TC_008" name="IncreaseProductQTYFromCart" time="16.820"/>
  <system-out>
The product is increased in the cart  </system-out>
</testsuite> <!-- Practice.TC_008 -->
