<?xml version="1.0" encoding="UTF-8"?>
<!-- Generated by org.testng.reporters.JUnitReportReporter -->
<testsuite hostname="DESKTOP-U2C28AP" failures="0" tests="5" name="workingWithTEstNG.ToCheckDependsOnMethods" time="0.026" errors="0" timestamp="2023-01-03T11:25:35 IST" skipped="0">
  <testcase classname="workingWithTEstNG.ToCheckDependsOnMethods" name="register" time="0.010"/>
  <system-out>
from register account  </system-out>
  <testcase classname="workingWithTEstNG.ToCheckDependsOnMethods" name="modifyaccount" time="0.010"/>
  <system-out>
from modifyaccount  </system-out>
  <testcase classname="workingWithTEstNG.ToCheckDependsOnMethods" name="amounttransfer" time="0.002"/>
  <system-out>
from amounttransfer  </system-out>
  <testcase classname="workingWithTEstNG.ToCheckDependsOnMethods" name="deleteaccount" time="0.002"/>
  <system-out>
from create account  </system-out>
  <testcase classname="workingWithTEstNG.ToCheckDependsOnMethods" name="createaccount" time="0.002"/>
  <system-out>
from create account  </system-out>
</testsuite> <!-- workingWithTEstNG.ToCheckDependsOnMethods -->
