<?xml version="1.0" encoding="UTF-8"?>
<!-- Generated by org.testng.reporters.JUnitReportReporter -->
<testsuite hostname="DESKTOP-U2C28AP" failures="0" tests="1" name="Practice.TC_009" time="13.716" errors="0" timestamp="2023-01-23T00:17:43 IST" skipped="0">
  <testcase classname="Practice.TC_009" name="DecreaseProductQTYFromCart" time="13.716"/>
  <system-out>
The product is decreased in the cart  </system-out>
</testsuite> <!-- Practice.TC_009 -->
