<?xml version="1.0" encoding="UTF-8"?>
<!-- Generated by org.testng.reporters.JUnitReportReporter -->
<testsuite hostname="DESKTOP-U2C28AP" failures="0" tests="2" name="workingWithTEstNG.usingDataFromExcelByDataProviderForActiTime" time="20.997" errors="0" timestamp="2023-01-11T13:32:57 IST" skipped="0">
  <testcase classname="workingWithTEstNG.usingDataFromExcelByDataProviderForActiTime" name="test" time="10.566"/>
  <system-out/>
  <testcase classname="workingWithTEstNG.usingDataFromExcelByDataProviderForActiTime" name="test" time="10.431"/>
  <system-out/>
</testsuite> <!-- workingWithTEstNG.usingDataFromExcelByDataProviderForActiTime -->
