<?xml version="1.0" encoding="UTF-8"?>
<!-- Generated by org.testng.reporters.JUnitReportReporter -->
<testsuite hostname="DESKTOP-U2C28AP" failures="0" tests="2" name="workingWithTEstNG.loginActiTimeUsingDataProvider" time="85.841" errors="0" timestamp="2023-01-11T12:22:32 IST" skipped="0">
  <testcase classname="workingWithTEstNG.loginActiTimeUsingDataProvider" name="test" time="29.920"/>
  <system-out/>
  <testcase classname="workingWithTEstNG.loginActiTimeUsingDataProvider" name="test" time="55.921"/>
  <system-out/>
</testsuite> <!-- workingWithTEstNG.loginActiTimeUsingDataProvider -->
