<?xml version="1.0" encoding="UTF-8"?>
<!-- Generated by org.testng.reporters.JUnitReportReporter -->
<testsuite hostname="DESKTOP-U2C28AP" failures="0" tests="5" name="workingWithTEstNG.UseReporterLogInstaedOfSOPLN" time="0.021" errors="0" timestamp="2023-01-02T17:03:48 IST" skipped="0">
  <testcase classname="workingWithTEstNG.UseReporterLogInstaedOfSOPLN" name="Trash" time="0.013"/>
  <system-out>
 Thanks  </system-out>
  <testcase classname="workingWithTEstNG.UseReporterLogInstaedOfSOPLN" name="Delete" time="0.002"/>
  <system-out>
 you  </system-out>
  <testcase classname="workingWithTEstNG.UseReporterLogInstaedOfSOPLN" name="Register" time="0.002"/>
  <system-out>
 Hello  </system-out>
  <testcase classname="workingWithTEstNG.UseReporterLogInstaedOfSOPLN" name="Modify" time="0.002"/>
  <system-out>
are  </system-out>
  <testcase classname="workingWithTEstNG.UseReporterLogInstaedOfSOPLN" name="Create" time="0.002"/>
  <system-out>
How  </system-out>
</testsuite> <!-- workingWithTEstNG.UseReporterLogInstaedOfSOPLN -->
