<?xml version="1.0" encoding="UTF-8"?>
<!-- Generated by org.testng.reporters.JUnitReportReporter -->
<testsuite hostname="DESKTOP-U2C28AP" failures="0" tests="1" name="Practice.TC_004" time="11.095" errors="0" timestamp="2023-01-22T22:20:07 IST" skipped="0">
  <testcase classname="Practice.TC_004" name="RR" time="11.095"/>
  <system-out>
The product is Remooved from wishlist  </system-out>
</testsuite> <!-- Practice.TC_004 -->
